<?xml version="1.0" encoding="UTF-8"?>
<TestRun id="bb049187-66e5-4a2b-85ef-bf95aa67e969" name="J不如归去L@DELL-PC 2016-11-14 15:11:53" runUser="DELL-PC\J不如归去L" xmlns="http://microsoft.com/schemas/VisualStudio/TeamTest/2010">
  <TestSettings name="Local" id="98ec7db9-5643-4bd7-968a-fd644eeedd24">
    <Description>These are default test settings for a local test run.</Description>
    <Deployment userDeploymentRoot="C:\Users\J不如归去L\Documents\Visual Studio 2010\Projects\maxLength\TestResults" useDefaultDeploymentRoot="false" enabled="false" runDeploymentRoot="J不如归去L_DELL-PC 2016-11-14 15_11_53">
      <DeploymentItem filename="c:\users\j不如归去l\documents\visual studio 2010\Projects\maxLength\maxLength\bin\Debug\maxLength.exe" />
    </Deployment>
    <Execution>
      <TestTypeSpecific />
      <AgentRule name="Execution Agents">
      </AgentRule>
    </Execution>
  </TestSettings>
  <Times creation="2016-11-14T15:11:53.8092095+08:00" queuing="2016-11-14T15:11:54.5312508+08:00" start="2016-11-14T15:11:54.6092553+08:00" finish="2016-11-14T15:12:13.5853407+08:00" />
  <ResultSummary outcome="Error">
    <Counters total="1" executed="1" error="0" failed="0" timeout="0" aborted="1" inconclusive="0" passedButRunAborted="0" notRunnable="0" notExecuted="0" disconnected="0" warning="0" passed="0" completed="0" inProgress="0" pending="0" />
    <RunInfos>
      <RunInfo computerName="DELL-PC" outcome="Error" timestamp="2016-11-14T15:12:13.5843406+08:00">
        <Text>Test host process exited unexpectedly.</Text>
      </RunInfo>
    </RunInfos>
  </ResultSummary>
  <TestDefinitions>
    <UnitTest name="getLengthTest" storage="c:\users\j不如归去l\documents\visual studio 2010\projects\maxlength\testproject1\bin\debug\testproject1.dll" id="ed0d998a-0d8f-30fe-e667-d83a3d49ccaa">
      <Execution id="5244b303-d923-4275-b9b2-5284d05277d2" />
      <TestMethod codeBase="C:/Users/J不如归去L/Documents/Visual Studio 2010/Projects/maxLength/TestProject1/bin/Debug/TestProject1.DLL" adapterTypeName="Microsoft.VisualStudio.TestTools.TestTypes.Unit.UnitTestAdapter, Microsoft.VisualStudio.QualityTools.Tips.UnitTest.Adapter, Version=10.0.0.0, Culture=neutral, PublicKeyToken=b03f5f7f11d50a3a" className="TestProject1.OperationTest, TestProject1, Version=1.0.0.0, Culture=neutral, PublicKeyToken=null" name="getLengthTest" />
    </UnitTest>
  </TestDefinitions>
  <TestLists>
    <TestList name="Results Not in a List" id="8c84fa94-04c1-424b-9868-57a2d4851a1d" />
    <TestList name="All Loaded Results" id="19431567-8539-422a-85d7-44ee4e166bda" />
  </TestLists>
  <TestEntries>
    <TestEntry testId="ed0d998a-0d8f-30fe-e667-d83a3d49ccaa" executionId="5244b303-d923-4275-b9b2-5284d05277d2" testListId="8c84fa94-04c1-424b-9868-57a2d4851a1d" />
  </TestEntries>
  <Results>
    <UnitTestResult executionId="5244b303-d923-4275-b9b2-5284d05277d2" testId="ed0d998a-0d8f-30fe-e667-d83a3d49ccaa" testName="getLengthTest" computerName="DELL-PC" duration="00:00:18.8910805" startTime="2016-11-14T15:11:54.6942602+08:00" endTime="2016-11-14T15:12:13.5853407+08:00" testType="13cdc9d9-ddb5-4fa4-a97d-d965ccfc6d4b" outcome="Aborted" testListId="8c84fa94-04c1-424b-9868-57a2d4851a1d" relativeResultsDirectory="5244b303-d923-4275-b9b2-5284d05277d2">
    </UnitTestResult>
  </Results>
</TestRun>